<?xml version="1.0" encoding="UTF-8"?>
<!-- Generated by org.testng.reporters.JUnitReportReporter -->
<testsuite skipped="0" hostname="inbsantosh.local" name="twittertests.PostRequest" tests="2" failures="0" timestamp="13 Feb 2018 05:26:13 GMT" time="2.201" errors="0">
  <testcase name="readTweet" time="0.535" classname="twittertests.PostRequest"/>
  <testcase name="postTweet" time="1.666" classname="twittertests.PostRequest"/>
</testsuite> <!-- twittertests.PostRequest -->
